[debug] [2019-07-08T20:18:08.463Z] ----------------------------------------------------------------------
[debug] [2019-07-08T20:18:08.471Z] Command:       /home/alix/.nvm/versions/node/v10.9.0/bin/node /home/alix/.nvm/versions/node/v10.9.0/bin/firebase deploy
[debug] [2019-07-08T20:18:08.472Z] CLI Version:   6.1.1
[debug] [2019-07-08T20:18:08.473Z] Platform:      linux
[debug] [2019-07-08T20:18:08.473Z] Node Version:  v10.9.0
[debug] [2019-07-08T20:18:09.007Z] Time:          Mon Jul 08 2019 21:18:08 GMT+0100 (GMT+01:00)
[debug] [2019-07-08T20:18:09.008Z] ----------------------------------------------------------------------
[debug] 
[debug] [2019-07-08T20:18:09.070Z] > command requires scopes: ["email","openid","https://www.googleapis.com/auth/cloudplatformprojects.readonly","https://www.googleapis.com/auth/firebase","https://www.googleapis.com/auth/cloud-platform"]
[debug] [2019-07-08T20:18:09.073Z] > authorizing via signed-in user
[debug] [2019-07-08T20:18:09.073Z] [iam] checking project explore-tablet for permissions ["firebase.projects.get","firebasehosting.sites.update"]
[debug] [2019-07-08T20:18:09.079Z] > refreshing access token with scopes: ["email","https://www.googleapis.com/auth/cloud-platform","https://www.googleapis.com/auth/cloudplatformprojects.readonly","https://www.googleapis.com/auth/firebase","openid"]
[debug] [2019-07-08T20:18:09.081Z] >>> HTTP REQUEST POST https://www.googleapis.com/oauth2/v3/token  
 <request body omitted>
[debug] [2019-07-08T20:18:09.380Z] <<< HTTP RESPONSE 200
[debug] [2019-07-08T20:18:09.393Z] >>> HTTP REQUEST POST https://cloudresourcemanager.googleapis.com/v1/projects/explore-tablet:testIamPermissions  

[debug] [2019-07-08T20:18:10.244Z] <<< HTTP RESPONSE 200
[debug] [2019-07-08T20:18:10.248Z] >>> HTTP REQUEST GET https://firebase.googleapis.com/v1beta1/projects/explore-tablet  
 
[debug] [2019-07-08T20:18:10.609Z] <<< HTTP RESPONSE 200
[info] 
[info] === Deploying to 'explore-tablet'...
[info] 
[info] i  deploying hosting
[debug] [2019-07-08T20:18:10.620Z] >>> HTTP REQUEST POST https://firebasehosting.googleapis.com/v1beta1/sites/explore-tablet/versions  

[debug] [2019-07-08T20:18:12.067Z] <<< HTTP RESPONSE 500
[debug] [2019-07-08T20:18:12.067Z] <<< HTTP RESPONSE BODY
[error] 
[error] Error: HTTP Error: 500, Internal error encountered.
[debug] [2019-07-08T20:18:12.100Z] Error Context: {
  "body": {
    "error": {
      "code": 500,
      "message": "Internal error encountered.",
      "status": "INTERNAL"
    }
  },
  "response": {
    "statusCode": 500,
    "body": {
      "error": {
        "code": 500,
        "message": "Internal error encountered.",
        "status": "INTERNAL"
      }
    },
    "headers": {
      "vary": "X-Origin, Referer, Origin,Accept-Encoding",
      "content-type": "application/json; charset=UTF-8",
      "date": "Mon, 08 Jul 2019 20:18:13 GMT",
      "server": "ESF",
      "cache-control": "private",
      "x-xss-protection": "0",
      "x-frame-options": "SAMEORIGIN",
      "x-content-type-options": "nosniff",
      "alt-svc": "quic=\":443\"; ma=2592000; v=\"46,43,39\"",
      "accept-ranges": "none",
      "connection": "close"
    },
    "request": {
      "uri": {
        "protocol": "https:",
        "slashes": true,
        "auth": null,
        "host": "firebasehosting.googleapis.com",
        "port": 443,
        "hostname": "firebasehosting.googleapis.com",
        "hash": null,
        "search": null,
        "query": null,
        "pathname": "/v1beta1/sites/explore-tablet/versions",
        "path": "/v1beta1/sites/explore-tablet/versions",
        "href": "https://firebasehosting.googleapis.com/v1beta1/sites/explore-tablet/versions"
      },
      "method": "POST"
    }
  }
}
